<?xml version="1.0" encoding="UTF-8"?>
<!-- Generated by org.testng.reporters.JUnitReportReporter -->
<testsuite hostname="DM" failures="0" tests="1" name="tasts.YoutubeTest" time="32.956" errors="0" timestamp="2019-12-14T16:47:29 EET" skipped="0">
  <testcase classname="tasts.YoutubeTest" name="searchOnYoutube" time="32.956"/>
</testsuite> <!-- tasts.YoutubeTest -->
