<?xml version="1.0" encoding="UTF-8"?>
<!-- Generated by org.testng.reporters.JUnitReportReporter -->
<testsuite hostname="DM" failures="0" tests="2" name="tasts.ChangeCurrencyTest" time="5.348" errors="0" timestamp="2019-12-14T14:48:33 EET" skipped="0">
  <testcase classname="tasts.ChangeCurrencyTest" name="userCanChangeCurrency" time="1.739"/>
  <testcase classname="tasts.ChangeCurrencyTest" name="useAutocompleteSearch" time="3.609"/>
</testsuite> <!-- tasts.ChangeCurrencyTest -->
